<Client: /0:0:0:0:0:0:0:1:61178 - Time: 25/09/2016 15:13:56> Request captured time: 25/09/2016 - 15:13:56
<Client: /0:0:0:0:0:0:0:1:61178 - Time: 25/09/2016 15:13:56> Server Port: 6789
<Client: /0:0:0:0:0:0:0:1:61178 - Time: 25/09/2016 15:13:56> Client Adress: /0:0:0:0:0:0:0:1:61178
<Client: /0:0:0:0:0:0:0:1:61178 - Time: 25/09/2016 15:13:56> Client Name: 0:0:0:0:0:0:0:1
<Client: /0:0:0:0:0:0:0:1:61178 - Time: 25/09/2016 15:13:56> Requested method: GET
<Client: /0:0:0:0:0:0:0:1:61178 - Time: 25/09/2016 15:13:56> Requested URI file: /restrict-access
<Client: /0:0:0:0:0:0:0:1:61180 - Time: 25/09/2016 15:14:18> Request captured time: 25/09/2016 - 15:14:18
<Client: /0:0:0:0:0:0:0:1:61180 - Time: 25/09/2016 15:14:18> Server Port: 6789
<Client: /0:0:0:0:0:0:0:1:61180 - Time: 25/09/2016 15:14:18> Client Adress: /0:0:0:0:0:0:0:1:61180
<Client: /0:0:0:0:0:0:0:1:61180 - Time: 25/09/2016 15:14:18> Client Name: 0:0:0:0:0:0:0:1
<Client: /0:0:0:0:0:0:0:1:61180 - Time: 25/09/2016 15:14:18> Requested method: GET
<Client: /0:0:0:0:0:0:0:1:61180 - Time: 25/09/2016 15:14:18> Requested URI file: /restrict-access
<Client: /0:0:0:0:0:0:0:1:61181 - Time: 25/09/2016 15:14:34> Request captured time: 25/09/2016 - 15:14:34
<Client: /0:0:0:0:0:0:0:1:61181 - Time: 25/09/2016 15:14:34> Server Port: 6789
<Client: /0:0:0:0:0:0:0:1:61181 - Time: 25/09/2016 15:14:34> Client Adress: /0:0:0:0:0:0:0:1:61181
<Client: /0:0:0:0:0:0:0:1:61181 - Time: 25/09/2016 15:14:34> Client Name: 0:0:0:0:0:0:0:1
<Client: /0:0:0:0:0:0:0:1:61181 - Time: 25/09/2016 15:14:34> Requested method: GET
<Client: /0:0:0:0:0:0:0:1:61181 - Time: 25/09/2016 15:14:34> Requested URI file: /restrict-access
<Client: /0:0:0:0:0:0:0:1:57615 - Time: 25/09/2016 17:14:26> Request captured time: 25/09/2016 - 17:14:26
<Client: /0:0:0:0:0:0:0:1:57615 - Time: 25/09/2016 17:14:26> Server Port: 6789
<Client: /0:0:0:0:0:0:0:1:57615 - Time: 25/09/2016 17:14:26> Client Adress: /0:0:0:0:0:0:0:1:57615
<Client: /0:0:0:0:0:0:0:1:57615 - Time: 25/09/2016 17:14:26> Client Name: 0:0:0:0:0:0:0:1
<Client: /0:0:0:0:0:0:0:1:57615 - Time: 25/09/2016 17:14:26> Requested method: GET
<Client: /0:0:0:0:0:0:0:1:57615 - Time: 25/09/2016 17:14:26> Requested URI file: /
<Client: /0:0:0:0:0:0:0:1:57615 - Time: 25/09/2016 17:14:26> Size of response message's header (in bytes): 56
<Client: /0:0:0:0:0:0:0:1:57624 - Time: 25/09/2016 17:15:04> Request captured time: 25/09/2016 - 17:15:04
<Client: /0:0:0:0:0:0:0:1:57624 - Time: 25/09/2016 17:15:04> Server Port: 6789
<Client: /0:0:0:0:0:0:0:1:57624 - Time: 25/09/2016 17:15:04> Client Adress: /0:0:0:0:0:0:0:1:57624
<Client: /0:0:0:0:0:0:0:1:57624 - Time: 25/09/2016 17:15:04> Client Name: 0:0:0:0:0:0:0:1
<Client: /0:0:0:0:0:0:0:1:57624 - Time: 25/09/2016 17:15:04> Requested method: GET
<Client: /0:0:0:0:0:0:0:1:57624 - Time: 25/09/2016 17:15:04> Requested URI file: /
<Client: /0:0:0:0:0:0:0:1:57630 - Time: 25/09/2016 17:15:39> Request captured time: 25/09/2016 - 17:15:39
<Client: /0:0:0:0:0:0:0:1:57630 - Time: 25/09/2016 17:15:39> Server Port: 6789
<Client: /0:0:0:0:0:0:0:1:57630 - Time: 25/09/2016 17:15:39> Client Adress: /0:0:0:0:0:0:0:1:57630
<Client: /0:0:0:0:0:0:0:1:57630 - Time: 25/09/2016 17:15:39> Client Name: 0:0:0:0:0:0:0:1
<Client: /0:0:0:0:0:0:0:1:57630 - Time: 25/09/2016 17:15:39> Requested method: GET
<Client: /0:0:0:0:0:0:0:1:57630 - Time: 25/09/2016 17:15:39> Requested URI file: /
<Client: /0:0:0:0:0:0:0:1:57630 - Time: 25/09/2016 17:15:40> Request captured time: 25/09/2016 - 17:15:40
<Client: /0:0:0:0:0:0:0:1:57630 - Time: 25/09/2016 17:15:40> Server Port: 6789
<Client: /0:0:0:0:0:0:0:1:57630 - Time: 25/09/2016 17:15:40> Client Adress: /0:0:0:0:0:0:0:1:57629
<Client: /0:0:0:0:0:0:0:1:57630 - Time: 25/09/2016 17:15:40> Client Name: 0:0:0:0:0:0:0:1
<Client: /0:0:0:0:0:0:0:1:57630 - Time: 25/09/2016 17:15:43> Size of response message's header (in bytes): 56
<Client: /0:0:0:0:0:0:0:1:57635 - Time: 25/09/2016 17:16:03> Request captured time: 25/09/2016 - 17:16:03
<Client: /0:0:0:0:0:0:0:1:57635 - Time: 25/09/2016 17:16:03> Server Port: 6789
<Client: /0:0:0:0:0:0:0:1:57635 - Time: 25/09/2016 17:16:03> Client Adress: /0:0:0:0:0:0:0:1:57635
<Client: /0:0:0:0:0:0:0:1:57635 - Time: 25/09/2016 17:16:03> Client Name: 0:0:0:0:0:0:0:1
<Client: /0:0:0:0:0:0:0:1:57635 - Time: 25/09/2016 17:16:03> Requested method: GET
<Client: /0:0:0:0:0:0:0:1:57635 - Time: 25/09/2016 17:16:03> Requested URI file: /
<Client: /0:0:0:0:0:0:0:1:57635 - Time: 25/09/2016 17:16:03> Size of response message's header (in bytes): 56
<Client: /0:0:0:0:0:0:0:1:57646 - Time: 25/09/2016 17:16:29> Request captured time: 25/09/2016 - 17:16:29
<Client: /0:0:0:0:0:0:0:1:57646 - Time: 25/09/2016 17:16:29> Server Port: 6789
<Client: /0:0:0:0:0:0:0:1:57646 - Time: 25/09/2016 17:16:29> Client Adress: /0:0:0:0:0:0:0:1:57646
<Client: /0:0:0:0:0:0:0:1:57646 - Time: 25/09/2016 17:16:29> Client Name: 0:0:0:0:0:0:0:1
<Client: /0:0:0:0:0:0:0:1:57646 - Time: 25/09/2016 17:16:29> Requested method: GET
<Client: /0:0:0:0:0:0:0:1:57646 - Time: 25/09/2016 17:16:29> Requested URI file: /
<Client: /0:0:0:0:0:0:0:1:57646 - Time: 25/09/2016 17:16:29> Size of response message's header (in bytes): 56
<Client: /0:0:0:0:0:0:0:1:57650 - Time: 25/09/2016 17:17:22> Request captured time: 25/09/2016 - 17:17:22
<Client: /0:0:0:0:0:0:0:1:57650 - Time: 25/09/2016 17:17:22> Server Port: 6789
<Client: /0:0:0:0:0:0:0:1:57650 - Time: 25/09/2016 17:17:22> Client Adress: /0:0:0:0:0:0:0:1:57650
<Client: /0:0:0:0:0:0:0:1:57650 - Time: 25/09/2016 17:17:22> Client Name: 0:0:0:0:0:0:0:1
<Client: /0:0:0:0:0:0:0:1:57650 - Time: 25/09/2016 17:17:22> Requested method: GET
<Client: /0:0:0:0:0:0:0:1:57650 - Time: 25/09/2016 17:17:22> Requested URI file: /
<Client: /0:0:0:0:0:0:0:1:57650 - Time: 25/09/2016 17:17:22> Size of response message's header (in bytes): 56
<Client: /0:0:0:0:0:0:0:1:57762 - Time: 25/09/2016 17:20:17> Request captured time: 25/09/2016 - 17:20:17
<Client: /0:0:0:0:0:0:0:1:57762 - Time: 25/09/2016 17:20:17> Server Port: 6789
<Client: /0:0:0:0:0:0:0:1:57762 - Time: 25/09/2016 17:20:17> Client Adress: /0:0:0:0:0:0:0:1:57762
<Client: /0:0:0:0:0:0:0:1:57762 - Time: 25/09/2016 17:20:17> Client Name: 0:0:0:0:0:0:0:1
<Client: /0:0:0:0:0:0:0:1:57762 - Time: 25/09/2016 17:20:17> Requested method: GET
<Client: /0:0:0:0:0:0:0:1:57762 - Time: 25/09/2016 17:20:17> Requested URI file: /
<Client: /0:0:0:0:0:0:0:1:57762 - Time: 25/09/2016 17:20:17> Size of response message's header (in bytes): 56
